  calibracion_extrinsics_tcd.cpp
c:\users\aljuasin\desktop\captura_tcd\calibracion_extrinsics_tcd\calibracion_extrinsics_tcd\calibracion_extrinsics_tcd.cpp(594): warning C4267: 'inicializando': conversión de 'size_t' a 'int'; posible pérdida de datos
c:\users\aljuasin\desktop\captura_tcd\calibracion_extrinsics_tcd\calibracion_extrinsics_tcd\calibracion_extrinsics_tcd.cpp(594): warning C4267: 'inicializando': conversión de 'size_t' a 'const int'; posible pérdida de datos
c:\users\aljuasin\desktop\captura_tcd\calibracion_extrinsics_tcd\calibracion_extrinsics_tcd\calibracion_extrinsics_tcd.cpp(1000): warning C4244: '=': conversión de 'double' a '_Tp'; posible pérdida de datos
          with
          [
              _Tp=float
          ]
c:\users\aljuasin\desktop\captura_tcd\calibracion_extrinsics_tcd\calibracion_extrinsics_tcd\calibracion_extrinsics_tcd.cpp(1001): warning C4244: '=': conversión de 'double' a '_Tp'; posible pérdida de datos
          with
          [
              _Tp=float
          ]
c:\users\aljuasin\desktop\captura_tcd\calibracion_extrinsics_tcd\calibracion_extrinsics_tcd\calibracion_extrinsics_tcd.cpp(1002): warning C4244: '=': conversión de 'double' a '_Tp'; posible pérdida de datos
          with
          [
              _Tp=float
          ]
  Generando código
  5 of 794 functions ( 0.6%) were compiled, the rest were copied from previous compilation.
    0 functions were new in current compilation
    17 functions had inline decision re-evaluated but remain unchanged
  Generación de código finalizada
  calibracion_extrinsics_tcd.vcxproj -> C:\Users\aljuasin\Desktop\captura_tcd\calibracion_extrinsics_tcd\x64\Release\calibracion_extrinsics_tcd.exe
